<?xml version="1.0" encoding="UTF-8"?>
<!-- Generated by org.testng.reporters.JUnitReportReporter -->
<testsuite skipped="0" hostname="DESKTOP-1L1LM8K" name="org.adactin.TestMaven" tests="1" failures="0" timestamp="14 Sep 2021 06:15:12 GMT" time="8.046" errors="0">
  <testcase name="test" time="8.046" classname="org.adactin.TestMaven"/>
</testsuite> <!-- org.adactin.TestMaven -->
